# JRE version: OpenJDK Runtime Environment Temurin-21.0.12.1+1 (21.0.12.1+1) (build 21.0.12.1+1-LTS)
# Java VM: OpenJDK 64-Bit Server VM Temurin-21.0.12.1+1 (21.0.12.1+1-LTS, mixed mode, sharing, tiered, compressed class ptrs, parallel gc, windows-amd64)
GC Precious Log:
 CardTable entry size: 512
 CPUs: 4 total, 4 available
 Memory: 7926M
 Large Page Support: Disabled
 NUMA Support: Disabled
 Compressed Oops: Disabled
 Alignments: Space 512K, Generation 512K, Heap 2M
 Heap Min Capacity: 100M
 Heap Initial Capacity: 100M
 Heap Max Capacity: 64G
 Pre-touch: Disabled
 Parallel Workers: 4
Heap:
 PSYoungGen      total 27136K, used 20040K [0x000001e889d00000, 0x000001e88c180000, 0x000001eddf200000)
  eden space 23552K, 69% used [0x000001e889d00000,0x000001e88ad14ea8,0x000001e88b400000)
  from space 3584K, 99% used [0x000001e88ba80000,0x000001e88bdfd1b8,0x000001e88be00000)
  to   space 6656K, 0% used [0x000001e88b400000,0x000001e88b400000,0x000001e88ba80000)
 ParOldGen       total 68608K, used 14005K [0x000001dddf200000, 0x000001dde3500000, 0x000001e889d00000)
  object space 68608K, 20% used [0x000001dddf200000,0x000001dddffad718,0x000001dde3500000)
 Metaspace       used 26800K, committed 27520K, reserved 1114112K
  class space    used 2629K, committed 2944K, reserved 1048576K
GC Heap History (18 events):
Event: 4.382 GC heap before
{Heap before GC invocations=1 (full 0):
 PSYoungGen      total 29696K, used 25600K [0x000001e889d00000, 0x000001e88be00000, 0x000001eddf200000)
  eden space 25600K, 100% used [0x000001e889d00000,0x000001e88b600000,0x000001e88b600000)
  from space 4096K, 0% used [0x000001e88ba00000,0x000001e88ba00000,0x000001e88be00000)
  to   space 4096K, 0% used [0x000001e88b600000,0x000001e88b600000,0x000001e88ba00000)
 ParOldGen       total 68608K, used 0K [0x000001dddf200000, 0x000001dde3500000, 0x000001e889d00000)
  object space 68608K, 0% used [0x000001dddf200000,0x000001dddf200000,0x000001dde3500000)
 Metaspace       used 4162K, committed 4416K, reserved 1114112K
  class space    used 459K, committed 576K, reserved 1048576K
}
Event: 4.449 GC heap after
{Heap after GC invocations=1 (full 0):
 PSYoungGen      total 29696K, used 3954K [0x000001e889d00000, 0x000001e88be00000, 0x000001eddf200000)
  eden space 25600K, 0% used [0x000001e889d00000,0x000001e889d00000,0x000001e88b600000)
  from space 4096K, 96% used [0x000001e88b600000,0x000001e88b9dc9a0,0x000001e88ba00000)
  to   space 4096K, 0% used [0x000001e88ba00000,0x000001e88ba00000,0x000001e88be00000)
 ParOldGen       total 68608K, used 0K [0x000001dddf200000, 0x000001dde3500000, 0x000001e889d00000)
  object space 68608K, 0% used [0x000001dddf200000,0x000001dddf200000,0x000001dde3500000)
 Metaspace       used 4162K, committed 4416K, reserved 1114112K
  class space    used 459K, committed 576K, reserved 1048576K
}
Event: 6.532 GC heap before
{Heap before GC invocations=2 (full 0):
 PSYoungGen      total 29696K, used 29554K [0x000001e889d00000, 0x000001e88be00000, 0x000001eddf200000)
  eden space 25600K, 100% used [0x000001e889d00000,0x000001e88b600000,0x000001e88b600000)
  from space 4096K, 96% used [0x000001e88b600000,0x000001e88b9dc9a0,0x000001e88ba00000)
  to   space 4096K, 0% used [0x000001e88ba00000,0x000001e88ba00000,0x000001e88be00000)
 ParOldGen       total 68608K, used 0K [0x000001dddf200000, 0x000001dde3500000, 0x000001e889d00000)
  object space 68608K, 0% used [0x000001dddf200000,0x000001dddf200000,0x000001dde3500000)
 Metaspace       used 7584K, committed 7872K, reserved 1114112K
  class space    used 788K, committed 896K, reserved 1048576K
}
Event: 6.540 GC heap after
{Heap after GC invocations=2 (full 0):
 PSYoungGen      total 29696K, used 4070K [0x000001e889d00000, 0x000001e88be00000, 0x000001eddf200000)
  eden space 25600K, 0% used [0x000001e889d00000,0x000001e889d00000,0x000001e88b600000)
  from space 4096K, 99% used [0x000001e88ba00000,0x000001e88bdf9840,0x000001e88be00000)
  to   space 4096K, 0% used [0x000001e88b600000,0x000001e88b600000,0x000001e88ba00000)
 ParOldGen       total 68608K, used 2345K [0x000001dddf200000, 0x000001dde3500000, 0x000001e889d00000)
  object space 68608K, 3% used [0x000001dddf200000,0x000001dddf44a6d0,0x000001dde3500000)
 Metaspace       used 7584K, committed 7872K, reserved 1114112K
  class space    used 788K, committed 896K, reserved 1048576K
}
Event: 26.925 GC heap before
{Heap before GC invocations=3 (full 0):
 PSYoungGen      total 29696K, used 29670K [0x000001e889d00000, 0x000001e88be00000, 0x000001eddf200000)
  eden space 25600K, 100% used [0x000001e889d00000,0x000001e88b600000,0x000001e88b600000)
  from space 4096K, 99% used [0x000001e88ba00000,0x000001e88bdf9840,0x000001e88be00000)
  to   space 4096K, 0% used [0x000001e88b600000,0x000001e88b600000,0x000001e88ba00000)
 ParOldGen       total 68608K, used 2345K [0x000001dddf200000, 0x000001dde3500000, 0x000001e889d00000)
  object space 68608K, 3% used [0x000001dddf200000,0x000001dddf44a6d0,0x000001dde3500000)
 Metaspace       used 11684K, committed 12096K, reserved 1114112K
  class space    used 1253K, committed 1408K, reserved 1048576K
}
Event: 26.935 GC heap after
{Heap after GC invocations=3 (full 0):
 PSYoungGen      total 29696K, used 4083K [0x000001e889d00000, 0x000001e88be00000, 0x000001eddf200000)
  eden space 25600K, 0% used [0x000001e889d00000,0x000001e889d00000,0x000001e88b600000)
  from space 4096K, 99% used [0x000001e88b600000,0x000001e88b9fcce0,0x000001e88ba00000)
  to   space 4096K, 0% used [0x000001e88ba00000,0x000001e88ba00000,0x000001e88be00000)
 ParOldGen       total 68608K, used 3716K [0x000001dddf200000, 0x000001dde3500000, 0x000001e889d00000)
  object space 68608K, 5% used [0x000001dddf200000,0x000001dddf5a1280,0x000001dde3500000)
 Metaspace       used 11684K, committed 12096K, reserved 1114112K
  class space    used 1253K, committed 1408K, reserved 1048576K
}
Event: 30.917 GC heap before
{Heap before GC invocations=4 (full 0):
 PSYoungGen      total 29696K, used 29683K [0x000001e889d00000, 0x000001e88be00000, 0x000001eddf200000)
  eden space 25600K, 100% used [0x000001e889d00000,0x000001e88b600000,0x000001e88b600000)
  from space 4096K, 99% used [0x000001e88b600000,0x000001e88b9fcce0,0x000001e88ba00000)
  to   space 4096K, 0% used [0x000001e88ba00000,0x000001e88ba00000,0x000001e88be00000)
 ParOldGen       total 68608K, used 3716K [0x000001dddf200000, 0x000001dde3500000, 0x000001e889d00000)
  object space 68608K, 5% used [0x000001dddf200000,0x000001dddf5a1280,0x000001dde3500000)
 Metaspace       used 15360K, committed 16000K, reserved 1114112K
  class space    used 1624K, committed 1920K, reserved 1048576K
}
Event: 30.929 GC heap after
{Heap after GC invocations=4 (full 0):
 PSYoungGen      total 29696K, used 4075K [0x000001e889d00000, 0x000001e88be00000, 0x000001eddf200000)
  eden space 25600K, 0% used [0x000001e889d00000,0x000001e889d00000,0x000001e88b600000)
  from space 4096K, 99% used [0x000001e88ba00000,0x000001e88bdfafc0,0x000001e88be00000)
  to   space 4096K, 0% used [0x000001e88b600000,0x000001e88b600000,0x000001e88ba00000)
 ParOldGen       total 68608K, used 6162K [0x000001dddf200000, 0x000001dde3500000, 0x000001e889d00000)
  object space 68608K, 8% used [0x000001dddf200000,0x000001dddf804a18,0x000001dde3500000)
 Metaspace       used 15360K, committed 16000K, reserved 1114112K
  class space    used 1624K, committed 1920K, reserved 1048576K
}
Event: 33.253 GC heap before
{Heap before GC invocations=5 (full 0):
 PSYoungGen      total 29696K, used 29675K [0x000001e889d00000, 0x000001e88be00000, 0x000001eddf200000)
  eden space 25600K, 100% used [0x000001e889d00000,0x000001e88b600000,0x000001e88b600000)
  from space 4096K, 99% used [0x000001e88ba00000,0x000001e88bdfafc0,0x000001e88be00000)
  to   space 4096K, 0% used [0x000001e88b600000,0x000001e88b600000,0x000001e88ba00000)
 ParOldGen       total 68608K, used 6162K [0x000001dddf200000, 0x000001dde3500000, 0x000001e889d00000)
  object space 68608K, 8% used [0x000001dddf200000,0x000001dddf804a18,0x000001dde3500000)
 Metaspace       used 17499K, committed 18176K, reserved 1114112K
  class space    used 1827K, committed 2112K, reserved 1048576K
}
Event: 33.268 GC heap after
{Heap after GC invocations=5 (full 0):
 PSYoungGen      total 29184K, used 4075K [0x000001e889d00000, 0x000001e88c280000, 0x000001eddf200000)
  eden space 25088K, 0% used [0x000001e889d00000,0x000001e889d00000,0x000001e88b580000)
  from space 4096K, 99% used [0x000001e88b600000,0x000001e88b9faeb8,0x000001e88ba00000)
  to   space 6656K, 0% used [0x000001e88bc00000,0x000001e88bc00000,0x000001e88c280000)
 ParOldGen       total 68608K, used 8535K [0x000001dddf200000, 0x000001dde3500000, 0x000001e889d00000)
  object space 68608K, 12% used [0x000001dddf200000,0x000001dddfa55d30,0x000001dde3500000)
 Metaspace       used 17499K, committed 18176K, reserved 1114112K
  class space    used 1827K, committed 2112K, reserved 1048576K
}
Event: 34.220 GC heap before
{Heap before GC invocations=6 (full 0):
 PSYoungGen      total 29184K, used 25665K [0x000001e889d00000, 0x000001e88c280000, 0x000001eddf200000)
  eden space 25088K, 86% used [0x000001e889d00000,0x000001e88b215900,0x000001e88b580000)
  from space 4096K, 99% used [0x000001e88b600000,0x000001e88b9faeb8,0x000001e88ba00000)
  to   space 6656K, 0% used [0x000001e88bc00000,0x000001e88bc00000,0x000001e88c280000)
 ParOldGen       total 68608K, used 8535K [0x000001dddf200000, 0x000001dde3500000, 0x000001e889d00000)
  object space 68608K, 12% used [0x000001dddf200000,0x000001dddfa55d30,0x000001dde3500000)
 Metaspace       used 20889K, committed 21504K, reserved 1114112K
  class space    used 2073K, committed 2368K, reserved 1048576K
}
Event: 34.232 GC heap after
{Heap after GC invocations=6 (full 0):
 PSYoungGen      total 30720K, used 5148K [0x000001e889d00000, 0x000001e88c180000, 0x000001eddf200000)
  eden space 25088K, 0% used [0x000001e889d00000,0x000001e889d00000,0x000001e88b580000)
  from space 5632K, 91% used [0x000001e88bc00000,0x000001e88c1070a0,0x000001e88c180000)
  to   space 5632K, 0% used [0x000001e88b680000,0x000001e88b680000,0x000001e88bc00000)
 ParOldGen       total 68608K, used 8535K [0x000001dddf200000, 0x000001dde3500000, 0x000001e889d00000)
  object space 68608K, 12% used [0x000001dddf200000,0x000001dddfa55d30,0x000001dde3500000)
 Metaspace       used 20889K, committed 21504K, reserved 1114112K
  class space    used 2073K, committed 2368K, reserved 1048576K
}
Event: 34.232 GC heap before
{Heap before GC invocations=7 (full 1):
 PSYoungGen      total 30720K, used 5148K [0x000001e889d00000, 0x000001e88c180000, 0x000001eddf200000)
  eden space 25088K, 0% used [0x000001e889d00000,0x000001e889d00000,0x000001e88b580000)
  from space 5632K, 91% used [0x000001e88bc00000,0x000001e88c1070a0,0x000001e88c180000)
  to   space 5632K, 0% used [0x000001e88b680000,0x000001e88b680000,0x000001e88bc00000)
 ParOldGen       total 68608K, used 8535K [0x000001dddf200000, 0x000001dde3500000, 0x000001e889d00000)
  object space 68608K, 12% used [0x000001dddf200000,0x000001dddfa55d30,0x000001dde3500000)
 Metaspace       used 20889K, committed 21504K, reserved 1114112K
  class space    used 2073K, committed 2368K, reserved 1048576K
}
Event: 34.292 GC heap after
{Heap after GC invocations=7 (full 1):
 PSYoungGen      total 30720K, used 0K [0x000001e889d00000, 0x000001e88c180000, 0x000001eddf200000)
  eden space 25088K, 0% used [0x000001e889d00000,0x000001e889d00000,0x000001e88b580000)
  from space 5632K, 0% used [0x000001e88bc00000,0x000001e88bc00000,0x000001e88c180000)
  to   space 5632K, 0% used [0x000001e88b680000,0x000001e88b680000,0x000001e88bc00000)
 ParOldGen       total 68608K, used 11473K [0x000001dddf200000, 0x000001dde3500000, 0x000001e889d00000)
  object space 68608K, 16% used [0x000001dddf200000,0x000001dddfd34778,0x000001dde3500000)
 Metaspace       used 20876K, committed 21504K, reserved 1114112K
  class space    used 2070K, committed 2368K, reserved 1048576K
}
Event: 34.776 GC heap before
{Heap before GC invocations=8 (full 1):
 PSYoungGen      total 30720K, used 25084K [0x000001e889d00000, 0x000001e88c180000, 0x000001eddf200000)
  eden space 25088K, 99% used [0x000001e889d00000,0x000001e88b57f2a8,0x000001e88b580000)
  from space 5632K, 0% used [0x000001e88bc00000,0x000001e88bc00000,0x000001e88c180000)
  to   space 5632K, 0% used [0x000001e88b680000,0x000001e88b680000,0x000001e88bc00000)
 ParOldGen       total 68608K, used 11473K [0x000001dddf200000, 0x000001dde3500000, 0x000001e889d00000)
  object space 68608K, 16% used [0x000001dddf200000,0x000001dddfd34778,0x000001dde3500000)
 Metaspace       used 21949K, committed 22592K, reserved 1114112K
  class space    used 2138K, committed 2432K, reserved 1048576K
}
Event: 34.781 GC heap after
{Heap after GC invocations=8 (full 1):
 PSYoungGen      total 28672K, used 3665K [0x000001e889d00000, 0x000001e88be00000, 0x000001eddf200000)
  eden space 24576K, 0% used [0x000001e889d00000,0x000001e889d00000,0x000001e88b500000)
  from space 4096K, 89% used [0x000001e88b680000,0x000001e88ba14570,0x000001e88ba80000)
  to   space 3584K, 0% used [0x000001e88ba80000,0x000001e88ba80000,0x000001e88be00000)
 ParOldGen       total 68608K, used 11481K [0x000001dddf200000, 0x000001dde3500000, 0x000001e889d00000)
  object space 68608K, 16% used [0x000001dddf200000,0x000001dddfd36778,0x000001dde3500000)
 Metaspace       used 21949K, committed 22592K, reserved 1114112K
  class space    used 2138K, committed 2432K, reserved 1048576K
}
Event: 36.631 GC heap before
{Heap before GC invocations=9 (full 1):
 PSYoungGen      total 28672K, used 28241K [0x000001e889d00000, 0x000001e88be00000, 0x000001eddf200000)
  eden space 24576K, 100% used [0x000001e889d00000,0x000001e88b500000,0x000001e88b500000)
  from space 4096K, 89% used [0x000001e88b680000,0x000001e88ba14570,0x000001e88ba80000)
  to   space 3584K, 0% used [0x000001e88ba80000,0x000001e88ba80000,0x000001e88be00000)
 ParOldGen       total 68608K, used 11481K [0x000001dddf200000, 0x000001dde3500000, 0x000001e889d00000)
  object space 68608K, 16% used [0x000001dddf200000,0x000001dddfd36778,0x000001dde3500000)
 Metaspace       used 24881K, committed 25600K, reserved 1114112K
  class space    used 2407K, committed 2688K, reserved 1048576K
}
Event: 36.639 GC heap after
{Heap after GC invocations=9 (full 1):
 PSYoungGen      total 27136K, used 3572K [0x000001e889d00000, 0x000001e88c180000, 0x000001eddf200000)
  eden space 23552K, 0% used [0x000001e889d00000,0x000001e889d00000,0x000001e88b400000)
  from space 3584K, 99% used [0x000001e88ba80000,0x000001e88bdfd1b8,0x000001e88be00000)
  to   space 6656K, 0% used [0x000001e88b400000,0x000001e88b400000,0x000001e88ba80000)
 ParOldGen       total 68608K, used 14005K [0x000001dddf200000, 0x000001dde3500000, 0x000001e889d00000)
  object space 68608K, 20% used [0x000001dddf200000,0x000001dddffad718,0x000001dde3500000)
 Metaspace       used 24881K, committed 25600K, reserved 1114112K
  class space    used 2407K, committed 2688K, reserved 1048576K
}

